<?xml version="1.0" encoding="utf-8"?><testsuites name="pytest tests"><testsuite name="pytest" errors="0" failures="0" skipped="0" tests="16" time="5.974" timestamp="2026-07-16T08:31:16.849899+00:00" hostname="agent-env-856b222c-7952-401f-a231-b1ed22d0c1ae"><testcase classname="backend.tests.test_directdine_iter11.TestIsOpenNowField" name="test_list_restaurants_has_is_open_now" time="1.017" /><testcase classname="backend.tests.test_directdine_iter11.TestIsOpenNowField" name="test_get_restaurant_is_open_now_true_when_open" time="0.612" /><testcase classname="backend.tests.test_directdine_iter11.TestOwnerHoursCRUD" name="test_put_hours_and_readback" time="0.189" /><testcase classname="backend.tests.test_directdine_iter11.TestOrderingBlockedWhenClosed" name="test_customer_order_blocked_when_today_closed" time="0.835" /><testcase classname="backend.tests.test_directdine_iter11.TestOrderingBlockedWhenClosed" name="test_all_closed_isopen_false_and_guest_blocked" time="0.259" /><testcase classname="backend.tests.test_directdine_iter11.TestOrderingBlockedWhenClosed" name="test_restore_all_open" time="0.204" /><testcase classname="backend.tests.test_directdine_iter11.TestCourierLocationBroadcast" name="test_courier_location_update_returns_ok" time="0.392" /><testcase classname="backend.tests.test_directdine_iter11.TestIter10Regression" name="test_campaign_start_various_days[1]" time="0.260" /><testcase classname="backend.tests.test_directdine_iter11.TestIter10Regression" name="test_campaign_start_various_days[3]" time="0.363" /><testcase classname="backend.tests.test_directdine_iter11.TestIter10Regression" name="test_campaign_start_various_days[7]" time="0.303" /><testcase classname="backend.tests.test_directdine_iter11.TestIter10Regression" name="test_campaign_start_various_days[14]" time="0.237" /><testcase classname="backend.tests.test_directdine_iter11.TestIter10Regression" name="test_campaign_start_various_days[30]" time="0.261" /><testcase classname="backend.tests.test_directdine_iter11.TestIter10Regression" name="test_min_order_enforced" time="0.286" /><testcase classname="backend.tests.test_directdine_iter11.TestIter10Regression" name="test_radius_zero_rejected" time="0.088" /><testcase classname="backend.tests.test_directdine_iter11.TestIter10Regression" name="test_cleanup_junk_idempotent" time="0.200" /><testcase classname="backend.tests.test_directdine_iter11" name="test_zzz_teardown_restore_defaults" time="0.389" /></testsuite></testsuites>