<?xml version="1.0" encoding="utf-8"?><testsuites name="pytest tests"><testsuite name="pytest" errors="0" failures="0" skipped="0" tests="11" time="1.973" timestamp="2026-07-10T20:22:57.034252+00:00" hostname="agent-env-856b222c-7952-401f-a231-b1ed22d0c1ae"><testcase classname="backend.tests.test_directdine_iter7.TestRestaurantsListing" name="test_list_no_params_returns_all_three" time="0.255" /><testcase classname="backend.tests.test_directdine_iter7.TestRestaurantsListing" name="test_seeded_radii_values" time="0.069" /><testcase classname="backend.tests.test_directdine_iter7.TestRestaurantsListing" name="test_near_bella_napoli_sorted_and_ranged" time="0.070" /><testcase classname="backend.tests.test_directdine_iter7.TestRestaurantsListing" name="test_kadikoy_smash_in_range" time="0.060" /><testcase classname="backend.tests.test_directdine_iter7.TestOwnerUpdateRadius" name="test_update_radius_and_verify" time="0.599" /><testcase classname="backend.tests.test_directdine_iter7.TestOwnerUpdateRadius" name="test_update_rejects_non_numeric" time="0.076" /><testcase classname="backend.tests.test_directdine_iter7.TestOwnerUpdateRadius" name="test_update_zero_or_negative_currently_accepted" time="0.116" /><testcase classname="backend.tests.test_directdine_iter7.TestRegression" name="test_auth_me" time="0.357" /><testcase classname="backend.tests.test_directdine_iter7.TestRegression" name="test_restaurant_detail_still_works" time="0.113" /><testcase classname="backend.tests.test_directdine_iter7.TestRegression" name="test_menu_endpoint" time="0.118" /><testcase classname="backend.tests.test_directdine_iter7.TestRegression" name="test_orders_list_customer" time="0.063" /></testsuite></testsuites>