<?xml version="1.0" encoding="utf-8"?><testsuites name="pytest tests"><testsuite name="pytest" errors="0" failures="0" skipped="0" tests="12" time="5.752" timestamp="2026-07-13T08:59:38.969649+00:00" hostname="agent-env-856b222c-7952-401f-a231-b1ed22d0c1ae"><testcase classname="backend.tests.test_directdine_iter10.TestCampaignDays" name="test_start_7_days" time="1.108" /><testcase classname="backend.tests.test_directdine_iter10.TestCampaignDays" name="test_start_14_days_then_stop_clears" time="0.610" /><testcase classname="backend.tests.test_directdine_iter10.TestCampaignDays" name="test_start_100_days_rejected_422" time="0.354" /><testcase classname="backend.tests.test_directdine_iter10.TestCampaignDays" name="test_start_zero_days_rejected_422" time="0.309" /><testcase classname="backend.tests.test_directdine_iter10.TestCampaignDays" name="test_start_no_body_defaults_to_3_days" time="0.320" /><testcase classname="backend.tests.test_directdine_iter10.TestIter9Regression" name="test_owner_auth_me" time="0.306" /><testcase classname="backend.tests.test_directdine_iter10.TestIter9Regression" name="test_put_restaurants_me_min_order_and_radius" time="0.314" /><testcase classname="backend.tests.test_directdine_iter10.TestIter9Regression" name="test_put_restaurants_me_radius_zero_rejected" time="0.285" /><testcase classname="backend.tests.test_directdine_iter10.TestIter9Regression" name="test_menu_display_price_no_campaign" time="0.402" /><testcase classname="backend.tests.test_directdine_iter10.TestIter9Regression" name="test_min_order_enforced_on_order_creation" time="0.827" /><testcase classname="backend.tests.test_directdine_iter10.TestIter9Regression" name="test_cleanup_junk_idempotent" time="0.489" /><testcase classname="backend.tests.test_directdine_iter10.TestIter9Regression" name="test_teardown_restore_defaults" time="0.345" /></testsuite></testsuites>