<?xml version="1.0" encoding="utf-8"?><testsuites name="pytest tests"><testsuite name="pytest" errors="0" failures="0" skipped="0" tests="59" time="20.942" timestamp="2026-07-06T09:24:31.234093+00:00" hostname="agent-env-856b222c-7952-401f-a231-b1ed22d0c1ae"><testcase classname="tests.test_directdine_api.TestAuth" name="test_register_customer" time="0.568" /><testcase classname="tests.test_directdine_api.TestAuth" name="test_register_owner_creates_restaurant" time="0.576" /><testcase classname="tests.test_directdine_api.TestAuth" name="test_register_courier_rejected" time="0.087" /><testcase classname="tests.test_directdine_api.TestAuth" name="test_login_seeded" time="1.200" /><testcase classname="tests.test_directdine_api.TestAuth" name="test_me_with_token" time="0.379" /><testcase classname="tests.test_directdine_api.TestAuth" name="test_me_without_token" time="0.085" /><testcase classname="tests.test_directdine_api.TestRestaurantsMenu" name="test_list_restaurants" time="0.075" /><testcase classname="tests.test_directdine_api.TestRestaurantsMenu" name="test_get_menu" time="0.160" /><testcase classname="tests.test_directdine_api.TestRestaurantsMenu" name="test_create_menu_as_owner" time="0.465" /><testcase classname="tests.test_directdine_api.TestRestaurantsMenu" name="test_create_menu_as_customer_forbidden" time="0.075" /><testcase classname="tests.test_directdine_api.TestCouriers" name="test_create_courier_as_owner" time="0.606" /><testcase classname="tests.test_directdine_api.TestCouriers" name="test_courier_update_location" time="0.500" /><testcase classname="tests.test_directdine_api.TestCouriers" name="test_customer_cant_update_location" time="0.075" /><testcase classname="tests.test_directdine_api.TestOrders" name="test_create_order_and_total" time="0.624" /><testcase classname="tests.test_directdine_api.TestOrders" name="test_list_orders_customer_scope" time="0.078" /><testcase classname="tests.test_directdine_api.TestOrders" name="test_owner_transitions" time="0.181" /><testcase classname="tests.test_directdine_api.TestOrders" name="test_owner_assign_courier" time="0.104" /><testcase classname="tests.test_directdine_api.TestOrders" name="test_courier_delivered" time="0.084" /><testcase classname="tests.test_directdine_api.TestOrders" name="test_owner_list_scope" time="0.082" /><testcase classname="tests.test_directdine_api.TestOrders" name="test_courier_list_scope" time="0.086" /><testcase classname="tests.test_directdine_api.TestRoleScoping" name="test_customer_cant_assign_courier" time="0.076" /><testcase classname="tests.test_directdine_api.TestRoleScoping" name="test_customer_cant_list_couriers" time="0.071" /><testcase classname="tests.test_directdine_api.TestRoleScoping" name="test_courier_cant_create_menu" time="0.074" /><testcase classname="tests.test_directdine_api.TestRoleScoping" name="test_owner_cant_create_order" time="0.077" /><testcase classname="tests.test_directdine_iter4.TestResendInviteEmail" name="test_invite_returns_email_sent_false_for_sandbox_reject" time="0.858" /><testcase classname="tests.test_directdine_iter4.TestResendInviteEmail" name="test_invite_never_500s" time="0.445" /><testcase classname="tests.test_directdine_iter4.TestAddressBook" name="test_guest_get_401" time="0.072" /><testcase classname="tests.test_directdine_iter4.TestAddressBook" name="test_owner_get_403" time="0.077" /><testcase classname="tests.test_directdine_iter4.TestAddressBook" name="test_courier_get_403" time="0.350" /><testcase classname="tests.test_directdine_iter4.TestAddressBook" name="test_customer_get_returns_list" time="0.392" /><testcase classname="tests.test_directdine_iter4.TestAddressBook" name="test_owner_post_403" time="0.083" /><testcase classname="tests.test_directdine_iter4.TestAddressBook" name="test_customer_post_and_get" time="0.180" /><testcase classname="tests.test_directdine_iter4.TestAddressBook" name="test_customer_cannot_delete_other_customers_address" time="0.610" /><testcase classname="tests.test_directdine_iter4.TestAddressBook" name="test_customer_delete_own" time="0.237" /><testcase classname="tests.test_directdine_iter4.TestAddressBook" name="test_addresses_scoped_per_user" time="0.570" /><testcase classname="tests.test_directdine_iter4.TestOrderCancel" name="test_cancel_pending_success" time="0.377" /><testcase classname="tests.test_directdine_iter4.TestOrderCancel" name="test_cancel_accepted_success" time="0.356" /><testcase classname="tests.test_directdine_iter4.TestOrderCancel" name="test_cancel_preparing_400" time="0.539" /><testcase classname="tests.test_directdine_iter4.TestOrderCancel" name="test_cancel_already_cancelled_400" time="0.432" /><testcase classname="tests.test_directdine_iter4.TestOrderCancel" name="test_cancel_other_customer_403" time="0.741" /><testcase classname="tests.test_directdine_iter4.TestOrderCancel" name="test_cancel_owner_403" time="0.311" /><testcase classname="tests.test_directdine_iter4.TestOrderCancel" name="test_cancel_courier_403" time="0.390" /><testcase classname="tests.test_directdine_iter4.TestOrderCancel" name="test_cancel_unknown_404" time="0.064" /><testcase classname="tests.test_directdine_iter5.TestLatLngFlow" name="test_customer_post_order_persists_lat_lng" time="1.017" /><testcase classname="tests.test_directdine_iter5.TestLatLngFlow" name="test_guest_post_order_persists_lat_lng" time="0.397" /><testcase classname="tests.test_directdine_iter5.TestLatLngFlow" name="test_order_schema_no_drift" time="0.166" /><testcase classname="tests.test_directdine_iter5.TestFullLifecycle" name="test_pending_to_delivered_with_courier_assignment" time="0.883" /><testcase classname="tests.test_directdine_new_features.TestFeatured" name="test_restaurants_have_featured_fields" time="0.087" /><testcase classname="tests.test_directdine_new_features.TestFeatured" name="test_bella_and_sakura_featured" time="0.060" /><testcase classname="tests.test_directdine_new_features.TestFeatured" name="test_smash_not_featured" time="0.149" /><testcase classname="tests.test_directdine_new_features.TestGuestCheckout" name="test_guest_order_creates_user_and_order" time="0.842" /><testcase classname="tests.test_directdine_new_features.TestGuestCheckout" name="test_guest_order_existing_email_400" time="0.643" /><testcase classname="tests.test_directdine_new_features.TestSwitchToOwner" name="test_customer_can_switch" time="0.484" /><testcase classname="tests.test_directdine_new_features.TestSwitchToOwner" name="test_owner_switch_fails_400" time="0.367" /><testcase classname="tests.test_directdine_new_features.TestSwitchToOwner" name="test_courier_switch_fails_400" time="0.388" /><testcase classname="tests.test_directdine_new_features.TestCourierInvite" name="test_owner_creates_invite" time="1.591" /><testcase classname="tests.test_directdine_new_features.TestCourierInvite" name="test_non_owner_cannot_invite" time="0.114" /><testcase classname="tests.test_directdine_new_features.TestCourierInvite" name="test_courier_cannot_invite" time="0.082" /><testcase classname="tests.test_directdine_new_features.TestCourierInvite" name="test_invalid_invite_token_404" time="0.083" /></testsuite></testsuites>