<?xml version="1.0" encoding="utf-8"?><testsuites name="pytest tests"><testsuite name="pytest" errors="0" failures="0" skipped="0" tests="36" time="10.028" timestamp="2026-07-05T21:44:38.391265+00:00" hostname="agent-env-856b222c-7952-401f-a231-b1ed22d0c1ae"><testcase classname="backend.tests.test_directdine_api.TestAuth" name="test_register_customer" time="0.506" /><testcase classname="backend.tests.test_directdine_api.TestAuth" name="test_register_owner_creates_restaurant" time="0.363" /><testcase classname="backend.tests.test_directdine_api.TestAuth" name="test_register_courier_rejected" time="0.062" /><testcase classname="backend.tests.test_directdine_api.TestAuth" name="test_login_seeded" time="1.436" /><testcase classname="backend.tests.test_directdine_api.TestAuth" name="test_me_with_token" time="0.383" /><testcase classname="backend.tests.test_directdine_api.TestAuth" name="test_me_without_token" time="0.062" /><testcase classname="backend.tests.test_directdine_api.TestRestaurantsMenu" name="test_list_restaurants" time="0.067" /><testcase classname="backend.tests.test_directdine_api.TestRestaurantsMenu" name="test_get_menu" time="0.132" /><testcase classname="backend.tests.test_directdine_api.TestRestaurantsMenu" name="test_create_menu_as_owner" time="0.847" /><testcase classname="backend.tests.test_directdine_api.TestRestaurantsMenu" name="test_create_menu_as_customer_forbidden" time="0.062" /><testcase classname="backend.tests.test_directdine_api.TestCouriers" name="test_create_courier_as_owner" time="0.578" /><testcase classname="backend.tests.test_directdine_api.TestCouriers" name="test_courier_update_location" time="0.447" /><testcase classname="backend.tests.test_directdine_api.TestCouriers" name="test_customer_cant_update_location" time="0.073" /><testcase classname="backend.tests.test_directdine_api.TestOrders" name="test_create_order_and_total" time="0.486" /><testcase classname="backend.tests.test_directdine_api.TestOrders" name="test_list_orders_customer_scope" time="0.051" /><testcase classname="backend.tests.test_directdine_api.TestOrders" name="test_owner_transitions" time="0.128" /><testcase classname="backend.tests.test_directdine_api.TestOrders" name="test_owner_assign_courier" time="0.069" /><testcase classname="backend.tests.test_directdine_api.TestOrders" name="test_courier_delivered" time="0.074" /><testcase classname="backend.tests.test_directdine_api.TestOrders" name="test_owner_list_scope" time="0.093" /><testcase classname="backend.tests.test_directdine_api.TestOrders" name="test_courier_list_scope" time="0.053" /><testcase classname="backend.tests.test_directdine_api.TestRoleScoping" name="test_customer_cant_assign_courier" time="0.065" /><testcase classname="backend.tests.test_directdine_api.TestRoleScoping" name="test_customer_cant_list_couriers" time="0.051" /><testcase classname="backend.tests.test_directdine_api.TestRoleScoping" name="test_courier_cant_create_menu" time="0.058" /><testcase classname="backend.tests.test_directdine_api.TestRoleScoping" name="test_owner_cant_create_order" time="0.092" /><testcase classname="backend.tests.test_directdine_new_features.TestFeatured" name="test_restaurants_have_featured_fields" time="0.063" /><testcase classname="backend.tests.test_directdine_new_features.TestFeatured" name="test_bella_and_sakura_featured" time="0.068" /><testcase classname="backend.tests.test_directdine_new_features.TestFeatured" name="test_smash_not_featured" time="0.057" /><testcase classname="backend.tests.test_directdine_new_features.TestGuestCheckout" name="test_guest_order_creates_user_and_order" time="0.749" /><testcase classname="backend.tests.test_directdine_new_features.TestGuestCheckout" name="test_guest_order_existing_email_400" time="0.480" /><testcase classname="backend.tests.test_directdine_new_features.TestSwitchToOwner" name="test_customer_can_switch" time="0.392" /><testcase classname="backend.tests.test_directdine_new_features.TestSwitchToOwner" name="test_owner_switch_fails_400" time="0.334" /><testcase classname="backend.tests.test_directdine_new_features.TestSwitchToOwner" name="test_courier_switch_fails_400" time="0.335" /><testcase classname="backend.tests.test_directdine_new_features.TestCourierInvite" name="test_owner_creates_invite" time="1.037" /><testcase classname="backend.tests.test_directdine_new_features.TestCourierInvite" name="test_non_owner_cannot_invite" time="0.051" /><testcase classname="backend.tests.test_directdine_new_features.TestCourierInvite" name="test_courier_cannot_invite" time="0.058" /><testcase classname="backend.tests.test_directdine_new_features.TestCourierInvite" name="test_invalid_invite_token_404" time="0.063" /></testsuite></testsuites>