<?xml version="1.0" encoding="utf-8"?><testsuites name="pytest tests"><testsuite name="pytest" errors="0" failures="0" skipped="0" tests="19" time="7.932" timestamp="2026-07-06T09:03:30.273639+00:00" hostname="agent-env-856b222c-7952-401f-a231-b1ed22d0c1ae"><testcase classname="backend.tests.test_directdine_iter4.TestResendInviteEmail" name="test_invite_returns_email_sent_false_for_sandbox_reject" time="1.101" /><testcase classname="backend.tests.test_directdine_iter4.TestResendInviteEmail" name="test_invite_never_500s" time="0.517" /><testcase classname="backend.tests.test_directdine_iter4.TestAddressBook" name="test_guest_get_401" time="0.074" /><testcase classname="backend.tests.test_directdine_iter4.TestAddressBook" name="test_owner_get_403" time="0.086" /><testcase classname="backend.tests.test_directdine_iter4.TestAddressBook" name="test_courier_get_403" time="0.431" /><testcase classname="backend.tests.test_directdine_iter4.TestAddressBook" name="test_customer_get_returns_list" time="0.513" /><testcase classname="backend.tests.test_directdine_iter4.TestAddressBook" name="test_owner_post_403" time="0.130" /><testcase classname="backend.tests.test_directdine_iter4.TestAddressBook" name="test_customer_post_and_get" time="0.155" /><testcase classname="backend.tests.test_directdine_iter4.TestAddressBook" name="test_customer_cannot_delete_other_customers_address" time="0.765" /><testcase classname="backend.tests.test_directdine_iter4.TestAddressBook" name="test_customer_delete_own" time="0.268" /><testcase classname="backend.tests.test_directdine_iter4.TestAddressBook" name="test_addresses_scoped_per_user" time="0.485" /><testcase classname="backend.tests.test_directdine_iter4.TestOrderCancel" name="test_cancel_pending_success" time="0.413" /><testcase classname="backend.tests.test_directdine_iter4.TestOrderCancel" name="test_cancel_accepted_success" time="0.488" /><testcase classname="backend.tests.test_directdine_iter4.TestOrderCancel" name="test_cancel_preparing_400" time="0.507" /><testcase classname="backend.tests.test_directdine_iter4.TestOrderCancel" name="test_cancel_already_cancelled_400" time="0.439" /><testcase classname="backend.tests.test_directdine_iter4.TestOrderCancel" name="test_cancel_other_customer_403" time="0.697" /><testcase classname="backend.tests.test_directdine_iter4.TestOrderCancel" name="test_cancel_owner_403" time="0.331" /><testcase classname="backend.tests.test_directdine_iter4.TestOrderCancel" name="test_cancel_courier_403" time="0.314" /><testcase classname="backend.tests.test_directdine_iter4.TestOrderCancel" name="test_cancel_unknown_404" time="0.126" /></testsuite></testsuites>