<?xml version="1.0" encoding="utf-8"?><testsuites name="pytest tests"><testsuite name="pytest" errors="0" failures="0" skipped="0" tests="16" time="3.143" timestamp="2026-07-10T20:41:08.607022+00:00" hostname="agent-env-856b222c-7952-401f-a231-b1ed22d0c1ae"><testcase classname="backend.tests.test_directdine_iter8.TestMenuImageBase64" name="test_create_menu_with_raw_base64" time="1.305" /><testcase classname="backend.tests.test_directdine_iter8.TestMenuImageBase64" name="test_create_menu_with_data_url_base64" time="0.067" /><testcase classname="backend.tests.test_directdine_iter8.TestMenuImageBase64" name="test_image_url_still_works" time="0.069" /><testcase classname="backend.tests.test_directdine_iter8.TestMenuImageBase64" name="test_data_url_appears_in_listing" time="0.058" /><testcase classname="backend.tests.test_directdine_iter8.TestMenuImageBase64" name="test_cleanup" time="0.200" /><testcase classname="backend.tests.test_directdine_iter8.TestOwnerStatsAuth" name="test_unauth_401" time="0.058" /><testcase classname="backend.tests.test_directdine_iter8.TestOwnerStatsAuth" name="test_customer_forbidden" time="0.356" /><testcase classname="backend.tests.test_directdine_iter8.TestOwnerStatsAuth" name="test_invalid_period_400" time="0.054" /><testcase classname="backend.tests.test_directdine_iter8.TestOwnerStatsAuth" name="test_default_period_month" time="0.063" /><testcase classname="backend.tests.test_directdine_iter8.TestOwnerStatsShape" name="test_month_stats" time="0.178" /><testcase classname="backend.tests.test_directdine_iter8.TestOwnerStatsShape" name="test_week_stats" time="0.065" /><testcase classname="backend.tests.test_directdine_iter8.TestOwnerStatsShape" name="test_change_pct_null_when_previous_zero" time="0.058" /><testcase classname="backend.tests.test_directdine_iter8.TestRegression" name="test_login_customer" time="0.278" /><testcase classname="backend.tests.test_directdine_iter8.TestRegression" name="test_restaurants_list" time="0.061" /><testcase classname="backend.tests.test_directdine_iter8.TestRegression" name="test_orders_list_customer" time="0.056" /><testcase classname="backend.tests.test_directdine_iter8.TestRegression" name="test_owner_menu_listing" time="0.064" /></testsuite></testsuites>