<?xml version="1.0" encoding="utf-8"?><testsuites name="pytest tests"><testsuite name="pytest" errors="0" failures="0" skipped="0" tests="6" time="13.508" timestamp="2026-07-06T11:35:11.721669+00:00" hostname="agent-env-856b222c-7952-401f-a231-b1ed22d0c1ae"><testcase classname="backend.tests.test_directdine_iter6.TestWSAuth" name="test_missing_token_closes_4401" time="0.827" /><testcase classname="backend.tests.test_directdine_iter6.TestWSAuth" name="test_invalid_token_closes_4401" time="0.128" /><testcase classname="backend.tests.test_directdine_iter6.TestWSAuth" name="test_valid_token_connects" time="0.774" /><testcase classname="backend.tests.test_directdine_iter6.TestWSOrderEvents" name="test_order_new_broadcast_to_owner" time="3.461" /><testcase classname="backend.tests.test_directdine_iter6.TestWSOrderEvents" name="test_full_lifecycle_ws_events" time="7.940" /><testcase classname="backend.tests.test_directdine_iter6.TestRegisterPush" name="test_register_push_no_500_with_placeholder_key" time="0.307" /></testsuite></testsuites>