<?xml version="1.0" encoding="utf-8"?><testsuites name="pytest tests"><testsuite name="pytest" errors="0" failures="0" skipped="0" tests="14" time="4.682" timestamp="2026-07-18T10:41:25.564635+00:00" hostname="agent-env-856b222c-7952-401f-a231-b1ed22d0c1ae"><testcase classname="backend.tests.test_directdine_iter13.TestRestaurantLocationUpdate" name="test_put_restaurants_me_updates_lat_lng_address" time="0.706" /><testcase classname="backend.tests.test_directdine_iter13.TestRestaurantLocationUpdate" name="test_restore_bella_defaults" time="0.095" /><testcase classname="backend.tests.test_directdine_iter13.TestCourierLocationBroadcast" name="test_courier_location_endpoint_returns_ok_and_does_not_crash_with_active_order" time="1.476" /><testcase classname="backend.tests.test_directdine_iter13.TestCourierLocationBroadcast" name="test_courier_location_no_active_orders_still_ok" time="0.096" /><testcase classname="backend.tests.test_directdine_iter13.TestRegressionIter12" name="test_campaign_start_days[1]" time="0.156" /><testcase classname="backend.tests.test_directdine_iter13.TestRegressionIter12" name="test_campaign_start_days[3]" time="0.179" /><testcase classname="backend.tests.test_directdine_iter13.TestRegressionIter12" name="test_campaign_start_days[7]" time="0.158" /><testcase classname="backend.tests.test_directdine_iter13.TestRegressionIter12" name="test_campaign_start_days[14]" time="0.152" /><testcase classname="backend.tests.test_directdine_iter13.TestRegressionIter12" name="test_campaign_start_days[30]" time="0.123" /><testcase classname="backend.tests.test_directdine_iter13.TestRegressionIter12" name="test_min_order_value_enforced" time="0.299" /><testcase classname="backend.tests.test_directdine_iter13.TestRegressionIter12" name="test_delivery_radius_zero_fails" time="0.066" /><testcase classname="backend.tests.test_directdine_iter13.TestRegressionIter12" name="test_hours_all_closed_rejects_order" time="0.323" /><testcase classname="backend.tests.test_directdine_iter13.TestRegressionIter12" name="test_item_availability_blocks_order" time="0.339" /><testcase classname="backend.tests.test_directdine_iter13.TestRegressionIter12" name="test_review_before_delivered_rejected" time="0.431" /></testsuite></testsuites>