<?xml version="1.0" encoding="utf-8"?><testsuites name="pytest tests"><testsuite name="pytest" errors="0" failures="0" skipped="0" tests="11" time="4.320" timestamp="2026-07-13T08:10:00.338092+00:00" hostname="agent-env-856b222c-7952-401f-a231-b1ed22d0c1ae"><testcase classname="backend.tests.test_directdine_iter9.TestAuth" name="test_login_owner_and_me" time="1.172" /><testcase classname="backend.tests.test_directdine_iter9.TestRestaurantSettings" name="test_update_min_order_and_radius" time="0.273" /><testcase classname="backend.tests.test_directdine_iter9.TestRestaurantSettings" name="test_delivery_radius_zero_rejected" time="0.220" /><testcase classname="backend.tests.test_directdine_iter9.TestMenuDisplayPrice" name="test_create_item_with_fee_pct" time="0.438" /><testcase classname="backend.tests.test_directdine_iter9.TestMenuDisplayPrice" name="test_campaign_start_hides_fee" time="0.231" /><testcase classname="backend.tests.test_directdine_iter9.TestMenuDisplayPrice" name="test_campaign_stop_restores_fee" time="0.226" /><testcase classname="backend.tests.test_directdine_iter9.TestMenuDisplayPrice" name="test_cleanup_created_item" time="0.132" /><testcase classname="backend.tests.test_directdine_iter9.TestMinOrderEnforcement" name="test_below_min_returns_400" time="0.647" /><testcase classname="backend.tests.test_directdine_iter9.TestMinOrderEnforcement" name="test_at_or_above_min_succeeds" time="0.486" /><testcase classname="backend.tests.test_directdine_iter9.TestMinOrderEnforcement" name="test_cleanup_min_back_to_zero" time="0.128" /><testcase classname="backend.tests.test_directdine_iter9.TestAdminCleanup" name="test_cleanup_junk_idempotent" time="0.287" /></testsuite></testsuites>