<?xml version="1.0" encoding="utf-8"?><testsuites name="pytest tests"><testsuite name="pytest" errors="0" failures="0" skipped="0" tests="55" time="21.531" timestamp="2026-07-06T09:03:48.966714+00:00" hostname="agent-env-856b222c-7952-401f-a231-b1ed22d0c1ae"><testcase classname="backend.tests.test_directdine_api.TestAuth" name="test_register_customer" time="0.557" /><testcase classname="backend.tests.test_directdine_api.TestAuth" name="test_register_owner_creates_restaurant" time="0.605" /><testcase classname="backend.tests.test_directdine_api.TestAuth" name="test_register_courier_rejected" time="0.074" /><testcase classname="backend.tests.test_directdine_api.TestAuth" name="test_login_seeded" time="1.259" /><testcase classname="backend.tests.test_directdine_api.TestAuth" name="test_me_with_token" time="0.410" /><testcase classname="backend.tests.test_directdine_api.TestAuth" name="test_me_without_token" time="0.083" /><testcase classname="backend.tests.test_directdine_api.TestRestaurantsMenu" name="test_list_restaurants" time="0.058" /><testcase classname="backend.tests.test_directdine_api.TestRestaurantsMenu" name="test_get_menu" time="0.189" /><testcase classname="backend.tests.test_directdine_api.TestRestaurantsMenu" name="test_create_menu_as_owner" time="0.492" /><testcase classname="backend.tests.test_directdine_api.TestRestaurantsMenu" name="test_create_menu_as_customer_forbidden" time="0.074" /><testcase classname="backend.tests.test_directdine_api.TestCouriers" name="test_create_courier_as_owner" time="0.651" /><testcase classname="backend.tests.test_directdine_api.TestCouriers" name="test_courier_update_location" time="0.521" /><testcase classname="backend.tests.test_directdine_api.TestCouriers" name="test_customer_cant_update_location" time="0.103" /><testcase classname="backend.tests.test_directdine_api.TestOrders" name="test_create_order_and_total" time="0.590" /><testcase classname="backend.tests.test_directdine_api.TestOrders" name="test_list_orders_customer_scope" time="0.088" /><testcase classname="backend.tests.test_directdine_api.TestOrders" name="test_owner_transitions" time="0.181" /><testcase classname="backend.tests.test_directdine_api.TestOrders" name="test_owner_assign_courier" time="0.092" /><testcase classname="backend.tests.test_directdine_api.TestOrders" name="test_courier_delivered" time="0.094" /><testcase classname="backend.tests.test_directdine_api.TestOrders" name="test_owner_list_scope" time="0.075" /><testcase classname="backend.tests.test_directdine_api.TestOrders" name="test_courier_list_scope" time="0.086" /><testcase classname="backend.tests.test_directdine_api.TestRoleScoping" name="test_customer_cant_assign_courier" time="0.080" /><testcase classname="backend.tests.test_directdine_api.TestRoleScoping" name="test_customer_cant_list_couriers" time="0.070" /><testcase classname="backend.tests.test_directdine_api.TestRoleScoping" name="test_courier_cant_create_menu" time="0.087" /><testcase classname="backend.tests.test_directdine_api.TestRoleScoping" name="test_owner_cant_create_order" time="0.071" /><testcase classname="backend.tests.test_directdine_iter4.TestResendInviteEmail" name="test_invite_returns_email_sent_false_for_sandbox_reject" time="0.825" /><testcase classname="backend.tests.test_directdine_iter4.TestResendInviteEmail" name="test_invite_never_500s" time="0.476" /><testcase classname="backend.tests.test_directdine_iter4.TestAddressBook" name="test_guest_get_401" time="0.132" /><testcase classname="backend.tests.test_directdine_iter4.TestAddressBook" name="test_owner_get_403" time="0.076" /><testcase classname="backend.tests.test_directdine_iter4.TestAddressBook" name="test_courier_get_403" time="0.412" /><testcase classname="backend.tests.test_directdine_iter4.TestAddressBook" name="test_customer_get_returns_list" time="0.355" /><testcase classname="backend.tests.test_directdine_iter4.TestAddressBook" name="test_owner_post_403" time="0.087" /><testcase classname="backend.tests.test_directdine_iter4.TestAddressBook" name="test_customer_post_and_get" time="0.161" /><testcase classname="backend.tests.test_directdine_iter4.TestAddressBook" name="test_customer_cannot_delete_other_customers_address" time="2.755" /><testcase classname="backend.tests.test_directdine_iter4.TestAddressBook" name="test_customer_delete_own" time="0.290" /><testcase classname="backend.tests.test_directdine_iter4.TestAddressBook" name="test_addresses_scoped_per_user" time="0.491" /><testcase classname="backend.tests.test_directdine_iter4.TestOrderCancel" name="test_cancel_pending_success" time="0.328" /><testcase classname="backend.tests.test_directdine_iter4.TestOrderCancel" name="test_cancel_accepted_success" time="0.607" /><testcase classname="backend.tests.test_directdine_iter4.TestOrderCancel" name="test_cancel_preparing_400" time="0.506" /><testcase classname="backend.tests.test_directdine_iter4.TestOrderCancel" name="test_cancel_already_cancelled_400" time="0.444" /><testcase classname="backend.tests.test_directdine_iter4.TestOrderCancel" name="test_cancel_other_customer_403" time="0.712" /><testcase classname="backend.tests.test_directdine_iter4.TestOrderCancel" name="test_cancel_owner_403" time="0.369" /><testcase classname="backend.tests.test_directdine_iter4.TestOrderCancel" name="test_cancel_courier_403" time="0.396" /><testcase classname="backend.tests.test_directdine_iter4.TestOrderCancel" name="test_cancel_unknown_404" time="0.090" /><testcase classname="backend.tests.test_directdine_new_features.TestFeatured" name="test_restaurants_have_featured_fields" time="0.069" /><testcase classname="backend.tests.test_directdine_new_features.TestFeatured" name="test_bella_and_sakura_featured" time="0.346" /><testcase classname="backend.tests.test_directdine_new_features.TestFeatured" name="test_smash_not_featured" time="0.090" /><testcase classname="backend.tests.test_directdine_new_features.TestGuestCheckout" name="test_guest_order_creates_user_and_order" time="0.879" /><testcase classname="backend.tests.test_directdine_new_features.TestGuestCheckout" name="test_guest_order_existing_email_400" time="0.559" /><testcase classname="backend.tests.test_directdine_new_features.TestSwitchToOwner" name="test_customer_can_switch" time="0.527" /><testcase classname="backend.tests.test_directdine_new_features.TestSwitchToOwner" name="test_owner_switch_fails_400" time="0.469" /><testcase classname="backend.tests.test_directdine_new_features.TestSwitchToOwner" name="test_courier_switch_fails_400" time="0.424" /><testcase classname="backend.tests.test_directdine_new_features.TestCourierInvite" name="test_owner_creates_invite" time="1.631" /><testcase classname="backend.tests.test_directdine_new_features.TestCourierInvite" name="test_non_owner_cannot_invite" time="0.111" /><testcase classname="backend.tests.test_directdine_new_features.TestCourierInvite" name="test_courier_cannot_invite" time="0.095" /><testcase classname="backend.tests.test_directdine_new_features.TestCourierInvite" name="test_invalid_invite_token_404" time="0.090" /></testsuite></testsuites>