<?xml version="1.0" encoding="utf-8"?><testsuites name="pytest tests"><testsuite name="pytest" errors="0" failures="0" skipped="0" tests="9" time="5.647" timestamp="2026-07-16T09:28:02.779860+00:00" hostname="agent-env-856b222c-7952-401f-a231-b1ed22d0c1ae"><testcase classname="backend.tests.test_directdine_iter12.TestMenuAvailability" name="test_patch_available_false_and_verify_via_menu_list" time="1.411" /><testcase classname="backend.tests.test_directdine_iter12.TestMenuAvailability" name="test_patch_price_and_fee_recomputes_display_price" time="0.333" /><testcase classname="backend.tests.test_directdine_iter12.TestOrderAvailabilityEnforcement" name="test_customer_order_rejects_unavailable" time="0.803" /><testcase classname="backend.tests.test_directdine_iter12.TestOrderAvailabilityEnforcement" name="test_guest_order_rejects_unavailable" time="0.359" /><testcase classname="backend.tests.test_directdine_iter12.TestReviews" name="test_full_review_lifecycle" time="1.561" /><testcase classname="backend.tests.test_directdine_iter12.TestRegression" name="test_campaign_start_stop" time="0.176" /><testcase classname="backend.tests.test_directdine_iter12.TestRegression" name="test_min_order_value_enforced" time="0.485" /><testcase classname="backend.tests.test_directdine_iter12.TestRegression" name="test_delivery_radius_validation" time="0.123" /><testcase classname="backend.tests.test_directdine_iter12.TestRegression" name="test_hours_enforcement_all_closed" time="0.312" /></testsuite></testsuites>