<?xml version="1.0" encoding="utf-8"?><testsuites name="pytest tests"><testsuite name="pytest" errors="0" failures="0" skipped="0" tests="24" time="5.583" timestamp="2026-07-18T11:12:43.302626+00:00" hostname="agent-env-856b222c-7952-401f-a231-b1ed22d0c1ae"><testcase classname="backend.tests.test_directdine_iter14.TestRestaurantSearchAndFilter" name="test_search_by_name_pizza" time="0.602" /><testcase classname="backend.tests.test_directdine_iter14.TestRestaurantSearchAndFilter" name="test_search_case_insensitive" time="0.343" /><testcase classname="backend.tests.test_directdine_iter14.TestRestaurantSearchAndFilter" name="test_search_matches_description" time="0.066" /><testcase classname="backend.tests.test_directdine_iter14.TestRestaurantSearchAndFilter" name="test_min_rating_filter" time="0.081" /><testcase classname="backend.tests.test_directdine_iter14.TestRestaurantSearchAndFilter" name="test_min_rating_high_excludes" time="0.084" /><testcase classname="backend.tests.test_directdine_iter14.TestRestaurantSearchAndFilter" name="test_min_rating_with_lat_lng_distance_still_computed" time="0.082" /><testcase classname="backend.tests.test_directdine_iter14.TestRestaurantSearchAndFilter" name="test_sort_rating_desc" time="0.089" /><testcase classname="backend.tests.test_directdine_iter14.TestRestaurantSearchAndFilter" name="test_sort_name_asc" time="0.111" /><testcase classname="backend.tests.test_directdine_iter14.TestOwnerAnalytics" name="test_owner_analytics_shape" time="0.099" /><testcase classname="backend.tests.test_directdine_iter14.TestOwnerAnalytics" name="test_owner_analytics_days_param" time="0.172" /><testcase classname="backend.tests.test_directdine_iter14.TestOwnerAnalytics" name="test_owner_analytics_days_clamped" time="0.059" /><testcase classname="backend.tests.test_directdine_iter14.TestOwnerAnalytics" name="test_owner_analytics_requires_owner_role" time="0.419" /><testcase classname="backend.tests.test_directdine_iter14.TestOwnerAnalytics" name="test_owner_analytics_unauth" time="0.091" /><testcase classname="backend.tests.test_directdine_iter14.TestRegression" name="test_campaign_start_days[1]" time="0.154" /><testcase classname="backend.tests.test_directdine_iter14.TestRegression" name="test_campaign_start_days[3]" time="0.232" /><testcase classname="backend.tests.test_directdine_iter14.TestRegression" name="test_campaign_start_days[7]" time="0.141" /><testcase classname="backend.tests.test_directdine_iter14.TestRegression" name="test_campaign_start_days[14]" time="0.140" /><testcase classname="backend.tests.test_directdine_iter14.TestRegression" name="test_campaign_start_days[30]" time="0.181" /><testcase classname="backend.tests.test_directdine_iter14.TestRegression" name="test_min_order_value_enforced" time="0.825" /><testcase classname="backend.tests.test_directdine_iter14.TestRegression" name="test_delivery_radius_zero_fails" time="0.126" /><testcase classname="backend.tests.test_directdine_iter14.TestRegression" name="test_hours_all_closed_rejects_order" time="0.385" /><testcase classname="backend.tests.test_directdine_iter14.TestRegression" name="test_item_availability_blocks_order" time="0.323" /><testcase classname="backend.tests.test_directdine_iter14.TestRegression" name="test_review_before_delivered_rejected" time="0.401" /><testcase classname="backend.tests.test_directdine_iter14.TestRegression" name="test_restaurant_location_save_persists" time="0.265" /></testsuite></testsuites>